Using pre-set license
Built from '2020.3/staging' branch; Version is '2020.3.39f1 (fd6670bb8be9) revision 16606832'; Using compiler version '192528614'; Build Type 'Release'
OS: 'Windows 11  (10.0.22621) 64bit CoreSingleLanguage' Language: 'es' Physical Memory: 8005 MB
BatchMode: 1, IsHumanControllingUs: 0, StartBugReporterOnCrash: 0, Is64bit: 1, IsPro: 0

COMMAND LINE ARGUMENTS:
D:\Unity\Installs location\Editor\Unity.exe
-adb2
-batchMode
-noUpm
-name
AssetImportWorker0
-projectPath
E:/Realidad Aumentada/Github/ProjectUnity/ProjectUnity/Project
-logFile
Logs/AssetImportWorker0.log
-srvPort
65308
Successfully changed project path to: E:/Realidad Aumentada/Github/ProjectUnity/ProjectUnity/Project
E:/Realidad Aumentada/Github/ProjectUnity/ProjectUnity/Project
Using Asset Import Pipeline V2.
Refreshing native plugins compatible for Editor in 32.05 ms, found 2 plugins.
Preloading 0 native plugins for Editor in 0.00 ms.
Initialize engine version: 2020.3.39f1 (fd6670bb8be9)
[Subsystems] Discovering subsystems at path D:/Unity/Installs location/Editor/Data/Resources/UnitySubsystems
[Subsystems] Discovering subsystems at path E:/Realidad Aumentada/Github/ProjectUnity/ProjectUnity/Project/Assets
GfxDevice: creating device client; threaded=0
Direct3D:
    Version:  Direct3D 11.0 [level 11.1]
    Renderer: NVIDIA GeForce RTX 2060 (ID=0x1f11)
    Vendor:   
    VRAM:     5980 MB
    Driver:   30.0.15.1272
Initialize mono
Mono path[0] = 'D:/Unity/Installs location/Editor/Data/Managed'
Mono path[1] = 'D:/Unity/Installs location/Editor/Data/MonoBleedingEdge/lib/mono/unityjit'
Mono config path = 'D:/Unity/Installs location/Editor/Data/MonoBleedingEdge/etc'
Using monoOptions --debugger-agent=transport=dt_socket,embedding=1,server=y,suspend=n,address=127.0.0.1:56980
Begin MonoManager ReloadAssembly
Registering precompiled unity dll's ...
Register platform support module: D:/Unity/Installs location/Editor/Data/PlaybackEngines/WindowsStandaloneSupport/UnityEditor.WindowsStandalone.Extensions.dll
Registered in 0.000890 seconds.
Native extension for WindowsStandalone target not found
Refreshing native plugins compatible for Editor in 30.68 ms, found 2 plugins.
Preloading 0 native plugins for Editor in 0.00 ms.
Mono: successfully reloaded assembly
- Completed reload, in  0.535 seconds
Domain Reload Profiling:
	ReloadAssembly (535ms)
		BeginReloadAssembly (67ms)
			ExecutionOrderSort (0ms)
			DisableScriptedObjects (0ms)
			BackupInstance (0ms)
			ReleaseScriptingObjects (0ms)
			CreateAndSetChildDomain (1ms)
		EndReloadAssembly (407ms)
			LoadAssemblies (66ms)
			RebuildTransferFunctionScriptingTraits (0ms)
			SetupTypeCache (138ms)
			ReleaseScriptCaches (0ms)
			RebuildScriptCaches (28ms)
			SetupLoadedEditorAssemblies (151ms)
				LogAssemblyErrors (0ms)
				InitializePlatformSupportModulesInManaged (4ms)
				SetLoadedEditorAssemblies (0ms)
				RefreshPlugins (31ms)
				BeforeProcessingInitializeOnLoad (15ms)
				ProcessInitializeOnLoadAttributes (75ms)
				ProcessInitializeOnLoadMethodAttributes (26ms)
				AfterProcessingInitializeOnLoad (0ms)
				EditorAssembliesLoaded (0ms)
			ExecutionOrderSort2 (0ms)
			AwakeInstancesAfterBackupRestoration (0ms)
Platform modules already initialized, skipping
Registering precompiled user dll's ...
Registered in 0.001765 seconds.
Begin MonoManager ReloadAssembly
Native extension for WindowsStandalone target not found
Refreshing native plugins compatible for Editor in 0.35 ms, found 2 plugins.
Preloading 0 native plugins for Editor in 0.00 ms.
Mono: successfully reloaded assembly
- Completed reload, in  1.193 seconds
Domain Reload Profiling:
	ReloadAssembly (1194ms)
		BeginReloadAssembly (148ms)
			ExecutionOrderSort (0ms)
			DisableScriptedObjects (5ms)
			BackupInstance (0ms)
			ReleaseScriptingObjects (0ms)
			CreateAndSetChildDomain (18ms)
		EndReloadAssembly (995ms)
			LoadAssemblies (384ms)
			RebuildTransferFunctionScriptingTraits (0ms)
			SetupTypeCache (246ms)
			ReleaseScriptCaches (0ms)
			RebuildScriptCaches (39ms)
			SetupLoadedEditorAssemblies (266ms)
				LogAssemblyErrors (0ms)
				InitializePlatformSupportModulesInManaged (4ms)
				SetLoadedEditorAssemblies (0ms)
				RefreshPlugins (0ms)
				BeforeProcessingInitializeOnLoad (69ms)
				ProcessInitializeOnLoadAttributes (178ms)
				ProcessInitializeOnLoadMethodAttributes (13ms)
				AfterProcessingInitializeOnLoad (2ms)
				EditorAssembliesLoaded (0ms)
			ExecutionOrderSort2 (0ms)
			AwakeInstancesAfterBackupRestoration (2ms)
Platform modules already initialized, skipping
========================================================================
Worker process is ready to serve import requests
Launched and connected shader compiler UnityShaderCompiler.exe after 0.13 seconds
Refreshing native plugins compatible for Editor in 0.66 ms, found 2 plugins.
Preloading 0 native plugins for Editor in 0.00 ms.
Unloading 1546 Unused Serialized files (Serialized files now loaded: 0)
System memory in use before: 72.8 MB.
System memory in use after: 72.8 MB.

Unloading 17 unused Assets to reduce memory usage. Loaded Objects now: 1983.
Total: 3.107200 ms (FindLiveObjects: 0.158800 ms CreateObjectMapping: 0.070600 ms MarkObjects: 2.785100 ms  DeleteObjects: 0.091800 ms)

AssetImportParameters requested are different than current active one (requested -> active):
  custom:framework-win-MediaFoundation: 216162199b28c13a410421893ffa2e32 -> 
  custom:video-decoder-ogg-theora: a1e56fd34408186e4bbccfd4996cb3dc -> 
  custom:container-muxer-webm: aa71ff27fc2769a1b78a27578f13a17b -> 
  custom:container-demuxer-webm: 4f35f7cbe854078d1ac9338744f61a02 -> 
  custom:container-demuxer-ogg: 62fdf1f143b41e24485cea50d1cbac27 -> 
  custom:video-encoder-webm-vp8: eb34c28f22e8b96e1ab97ce403110664 -> 
  custom:video-codec-MediaFoundation-h265: 746d11721c4dcdbdad8f713fa42b33f4 -> 
  custom:video-decoder-webm-vp8: 9c59270c3fd7afecdb556c50c9e8de78 -> 
  custom:audio-decoder-ogg-vorbis: bf7c407c2cedff20999df2af8eb42d56 -> 
  custom:audio-encoder-webm-vorbis: bf7c407c2cedff20999df2af8eb42d56 -> 
========================================================================
Received Import Request.
  path: Assets/Sprites
  artifactKey: Guid(74b3586140868214c8e72e6add6a07e8) Importer(815301076,1909f56bfc062723c751e8b465ee728b)
Start importing Assets/Sprites using Guid(74b3586140868214c8e72e6add6a07e8) Importer(815301076,1909f56bfc062723c751e8b465ee728b)  -> (artifact id: 'ff496453f8a0a28bf6ee5bb3c86350c9') in 0.003895 seconds 
========================================================================
Received Import Request.
  Time since last request: 99.448112 seconds.
  path: Assets/Sprites/Jhon.jpg
  artifactKey: Guid(576503d1b4aed44479fde13293682b01) Importer(815301076,1909f56bfc062723c751e8b465ee728b)
Start importing Assets/Sprites/Jhon.jpg using Guid(576503d1b4aed44479fde13293682b01) Importer(815301076,1909f56bfc062723c751e8b465ee728b)  -> (artifact id: 'a80acbfd85024f81e07038240612c749') in 0.214361 seconds 
========================================================================
Received Import Request.
  Time since last request: 0.000772 seconds.
  path: Assets/Sprites/RedBall.png
  artifactKey: Guid(033123dd6921ea74f9b360f604a2e719) Importer(815301076,1909f56bfc062723c751e8b465ee728b)
Start importing Assets/Sprites/RedBall.png using Guid(033123dd6921ea74f9b360f604a2e719) Importer(815301076,1909f56bfc062723c751e8b465ee728b)  -> (artifact id: 'f1df1ce43c58f24cead13cf06a49f664') in 0.026946 seconds 
========================================================================
Received Import Request.
  Time since last request: 0.000320 seconds.
  path: Assets/Sprites/Pollo.jpg
  artifactKey: Guid(39cdb0dc72e40c445bd8634a49f132f8) Importer(815301076,1909f56bfc062723c751e8b465ee728b)
Start importing Assets/Sprites/Pollo.jpg using Guid(39cdb0dc72e40c445bd8634a49f132f8) Importer(815301076,1909f56bfc062723c751e8b465ee728b)  -> (artifact id: '5fdc5d75b0d77c4fcb1b7aeba0342da9') in 0.029724 seconds 
========================================================================
Received Import Request.
  Time since last request: 22.886843 seconds.
  path: Assets/Sprites/Jhon.jpg
  artifactKey: Guid(576503d1b4aed44479fde13293682b01) Importer(815301076,1909f56bfc062723c751e8b465ee728b)
Start importing Assets/Sprites/Jhon.jpg using Guid(576503d1b4aed44479fde13293682b01) Importer(815301076,1909f56bfc062723c751e8b465ee728b)  -> (artifact id: 'd6959a4dcdad09d0094b320d81613792') in 0.033871 seconds 
========================================================================
Received Import Request.
  Time since last request: 18.552325 seconds.
  path: Assets/Sprites/Pollo.jpg
  artifactKey: Guid(39cdb0dc72e40c445bd8634a49f132f8) Importer(815301076,1909f56bfc062723c751e8b465ee728b)
Start importing Assets/Sprites/Pollo.jpg using Guid(39cdb0dc72e40c445bd8634a49f132f8) Importer(815301076,1909f56bfc062723c751e8b465ee728b)  -> (artifact id: 'ee4f30e3ad8a8c54018235442568ff70') in 0.035172 seconds 
========================================================================
Received Import Request.
  Time since last request: 8.787396 seconds.
  path: Assets/Sprites/RedBall.png
  artifactKey: Guid(033123dd6921ea74f9b360f604a2e719) Importer(815301076,1909f56bfc062723c751e8b465ee728b)
Start importing Assets/Sprites/RedBall.png using Guid(033123dd6921ea74f9b360f604a2e719) Importer(815301076,1909f56bfc062723c751e8b465ee728b)  -> (artifact id: '507df2bff005fea8835b4aeaa09d0112') in 0.009499 seconds 
========================================================================
Received Import Request.
  Time since last request: 21.031039 seconds.
  path: Assets/Sprites/Pollo.jpg
  artifactKey: Guid(39cdb0dc72e40c445bd8634a49f132f8) Importer(815301076,1909f56bfc062723c751e8b465ee728b)
Start importing Assets/Sprites/Pollo.jpg using Guid(39cdb0dc72e40c445bd8634a49f132f8) Importer(815301076,1909f56bfc062723c751e8b465ee728b)  -> (artifact id: '36cf60329684bd30ed5d755a0d47ea1f') in 0.097738 seconds 
========================================================================
Received Import Request.
  Time since last request: 50.231077 seconds.
  path: Assets/Sprites/Jhon.jpg
  artifactKey: Guid(576503d1b4aed44479fde13293682b01) Importer(815301076,1909f56bfc062723c751e8b465ee728b)
Start importing Assets/Sprites/Jhon.jpg using Guid(576503d1b4aed44479fde13293682b01) Importer(815301076,1909f56bfc062723c751e8b465ee728b)  -> (artifact id: 'd67dc9462413290e5087871368012399') in 0.021108 seconds 
========================================================================
Received Import Request.
  Time since last request: 41.397890 seconds.
  path: Assets/Sprites/RedBall.png
  artifactKey: Guid(033123dd6921ea74f9b360f604a2e719) Importer(815301076,1909f56bfc062723c751e8b465ee728b)
Start importing Assets/Sprites/RedBall.png using Guid(033123dd6921ea74f9b360f604a2e719) Importer(815301076,1909f56bfc062723c751e8b465ee728b)  -> (artifact id: '2dc373dfa417e38e591054c6f8dfe4d8') in 0.013189 seconds 
========================================================================
Received Prepare
Registering precompiled user dll's ...
Registered in 0.001775 seconds.
Begin MonoManager ReloadAssembly
Native extension for WindowsStandalone target not found
Refreshing native plugins compatible for Editor in 0.32 ms, found 2 plugins.
Preloading 0 native plugins for Editor in 0.00 ms.
Mono: successfully reloaded assembly
- Completed reload, in  0.874 seconds
Domain Reload Profiling:
	ReloadAssembly (874ms)
		BeginReloadAssembly (112ms)
			ExecutionOrderSort (0ms)
			DisableScriptedObjects (4ms)
			BackupInstance (0ms)
			ReleaseScriptingObjects (0ms)
			CreateAndSetChildDomain (29ms)
		EndReloadAssembly (713ms)
			LoadAssemblies (93ms)
			RebuildTransferFunctionScriptingTraits (0ms)
			SetupTypeCache (242ms)
			ReleaseScriptCaches (1ms)
			RebuildScriptCaches (35ms)
			SetupLoadedEditorAssemblies (283ms)
				LogAssemblyErrors (0ms)
				InitializePlatformSupportModulesInManaged (4ms)
				SetLoadedEditorAssemblies (0ms)
				RefreshPlugins (0ms)
				BeforeProcessingInitializeOnLoad (62ms)
				ProcessInitializeOnLoadAttributes (198ms)
				ProcessInitializeOnLoadMethodAttributes (16ms)
				AfterProcessingInitializeOnLoad (2ms)
				EditorAssembliesLoaded (0ms)
			ExecutionOrderSort2 (0ms)
			AwakeInstancesAfterBackupRestoration (2ms)
Platform modules already initialized, skipping
Refreshing native plugins compatible for Editor in 0.32 ms, found 2 plugins.
Preloading 0 native plugins for Editor in 0.00 ms.
Unloading 1528 Unused Serialized files (Serialized files now loaded: 0)
System memory in use before: 74.5 MB.
System memory in use after: 74.6 MB.

Unloading 12 unused Assets to reduce memory usage. Loaded Objects now: 1998.
Total: 2.309700 ms (FindLiveObjects: 0.153300 ms CreateObjectMapping: 0.097700 ms MarkObjects: 2.010300 ms  DeleteObjects: 0.047800 ms)

AssetImportParameters requested are different than current active one (requested -> active):
  custom:framework-win-MediaFoundation: 216162199b28c13a410421893ffa2e32 -> 
  custom:video-decoder-ogg-theora: a1e56fd34408186e4bbccfd4996cb3dc -> 
  custom:container-muxer-webm: aa71ff27fc2769a1b78a27578f13a17b -> 
  custom:container-demuxer-webm: 4f35f7cbe854078d1ac9338744f61a02 -> 
  custom:container-demuxer-ogg: 62fdf1f143b41e24485cea50d1cbac27 -> 
  custom:video-encoder-webm-vp8: eb34c28f22e8b96e1ab97ce403110664 -> 
  custom:video-codec-MediaFoundation-h265: 746d11721c4dcdbdad8f713fa42b33f4 -> 
  custom:video-decoder-webm-vp8: 9c59270c3fd7afecdb556c50c9e8de78 -> 
  custom:audio-decoder-ogg-vorbis: bf7c407c2cedff20999df2af8eb42d56 -> 
  custom:audio-encoder-webm-vorbis: bf7c407c2cedff20999df2af8eb42d56 -> 
AssetImportWorkerClient::OnTransportError - code=2 error=End of file
